{
  "object": "list",
  "data": [
    {
      "object": "embedding",
      "embedding": [
        -0.043457031,
        0.012207031,
        -0.024780273,
        0.011779785,
        0.045410156,
        0.01385498,
        0.010314941,
        -0.003631592,
        0.054931641,
        0.021850586,
        0.003311157,
        0.002182007,
        -0.024658203,
        0.007995605,
        -0.00680542,
        0.004119873,
        -0.017700195,
        -0.007354736,
        -0.023925781,
        -0.00479126,
        -0.035644531,
        0.022949219,
        -0.004211426,
        0.031982422,
        -0.032714844,
        0.034423828,
        0.03515625,
        -0.051513672,
        -0.036132812,
        0.018798828,
        0.040527344,
        -0.052734375,
        -0.041015625,
        -0.022949219,
        -0.026855469,
        -0.04296875,
        0.044189453,
        0.016845703,
        -0.011108398,
        -0.036132812,
        -0.034912109,
        -0.037109375,
        -0.023803711,
        0.01385498,
        0.010559082,
        -0.012756348,
        -0.026489258,
        -0.034423828,
        0.038574219,
        -0.004394531,
        -0.018554688,
        0.006530762,
        -0.017211914,
        -0.002670288,
        -0.018310547,
        0.01348877,
        -0.009521484,
        -0.021606445,
        -0.030395508,
        0.01373291,
        0.023925781,
        0.012207031,
        -0.041259766,
        0.024780273,
        -0.016967773,
        -0.008605957,
        0.02355957,
        0.015014648,
        -0.006866455,
        -0.047851562,
        -0.027832031,
        -0.022583008,
        -0.020751953,
        -0.052246094,
        -0.010681152,
        0.003204346,
        -0.026123047,
        -0.000705719,
        -0.007171631,
        -0.041259766,
        -0.018554688,
        0.004150391,
        0.023925781,
        -0.022705078,
        0.001251221,
        0.005767822,
        -0.008056641,
        0.027709961,
        -0.01373291,
        0.038574219,
        0.044433594,
        -0.01965332,
        0.038330078,
        0.038574219,
        0.052246094,
        0.045166016,
        -0.001197815,
        -0.029418945,
        0.011901855,
        0.037597656,
        0.018798828,
        -0.059082031,
        0.014282227,
        -0.039794922,
        -0.022705078,
        -0.007141113,
        0.031738281,
        -0.075195312,
        -0.056396484,
        -0.042724609,
        0.063964844,
        -0.004821777,
        -0.034423828,
        -0.012329102,
        -0.025756836,
        0.011535645,
        0.035644531,
        -0.00994873,
        0.002914429,
        -0.01348877,
        -0.037597656,
        -0.015991211,
        0.00769043,
        0.01385498,
        0.030395508,
        0.016357422,
        0.029418945,
        -0.015380859,
        0.007141113,
        -0.041748047,
        -0.011108398,
        0.010314941,
        -0.02734375,
        -0.033935547,
        0.002822876,
        0.095214844,
        0.041259766,
        0.02746582,
        -0.017944336,
        -0.028564453,
        0.006317139,
        0.007598877,
        0.021362305,
        -0.058349609,
        0.009155273,
        -0.021118164,
        -0.011108398,
        0.045166016,
        -0.023071289,
        -0.068847656,
        -0.047119141,
        0.050292969,
        -0.034423828,
        -0.038574219,
        0.03125,
        0.014709473,
        -0.004302979,
        -0.016967773,
        0.046142578,
        -0.014526367,
        -0.008605957,
        0.063476562,
        -0.00793457,
        0.0050354,
        0.051025391,
        0.030761719,
        0.008239746,
        0.0078125,
        -0.059326172,
        -0.012878418,
        0.003143311,
        0.026855469,
        0.012878418,
        -0.050537109,
        -0.009277344,
        0.020629883,
        0.001411438,
        0.095703125,
        0.02355957,
        0.048828125,
        0.018066406,
        -0.030395508,
        0.039306641,
        -0.0703125,
        0.062255859,
        -0.002304077,
        -0.013916016,
        0.039306641,
        -0.008789062,
        -0.037109375,
        -0.033691406,
        0.019042969,
        -0.043212891,
        0.005401611,
        0.062988281,
        0.040283203,
        0.023925781,
        -0.010070801,
        0.005371094,
        0.026123047,
        -0.015991211,
        0.032226562,
        0.022460938,
        0.050292969,
        0.000032425,
        0.088867188,
        -0.031738281,
        0.031982422,
        -0.028564453,
        0.003128052,
        0.053222656,
        0.003997803,
        0.087402344,
        -0.00982666,
        0.072753906,
        -0.011535645,
        0.046142578,
        -0.07421875,
        -0.026489258,
        -0.015991211,
        0.100097656,
        -0.023071289,
        -0.036621094,
        -0.017211914,
        -0.061523438,
        -0.017822266,
        0.008483887,
        -0.014831543,
        -0.010925293,
        0.063964844,
        0.060791016,
        0.003799438,
        -0.00769043,
        -0.021728516,
        0.006500244,
        -0.001365662,
        0.040039062,
        0.083496094,
        0.0078125,
        -0.04296875,
        -0.050292969,
        0.034423828,
        0.025146484,
        0.083007812,
        0.014038086,
        0.024414062,
        0.022949219,
        0.002761841,
        0.033691406,
        0.029418945,
        0.016967773,
        -0.011962891,
        -0.049560547,
        -0.038085938,
        -0.016357422,
        -0.045166016,
        -0.067871094,
        -0.036865234,
        0.009521484,
        -0.026123047,
        -0.01348877,
        0.020874023,
        0.029663086,
        -0.021118164,
        0.007141113,
        0.062255859,
        -0.052734375,
        -0.050292969,
        0.035644531,
        0.027832031,
        -0.002426147,
        0.011657715,
        0.014038086,
        -0.050537109,
        -0.018066406,
        -0.006164551,
        -0.011962891,
        0.013244629,
        -0.017211914,
        -0.019165039,
        0.005950928,
        -0.024414062,
        -0.070800781,
        0.057128906,
        0.065917969,
        -0.007415771,
        -0.016479492,
        0.024780273,
        -0.003585815,
        -0.007019043,
        0.00163269,
        -0.027709961,
        0.035644531,
        -0.003570557,
        0.002822876,
        0.018554688,
        0.034423828,
        -0.095703125,
        -0.005645752,
        0.034423828,
        0.020507812,
        0.021118164,
        -0.021362305,
        0.004241943,
        -0.002304077,
        -0.052978516,
        -0.020629883,
        -0.002639771,
        0.058105469,
        0.001037598,
        -0.048828125,
        -0.025756836,
        -0.01940918,
        0.017578125,
        0.052246094,
        0.029907227,
        0.041748047,
        0.012817383,
        -0.042724609,
        0.056640625,
        0.001037598,
        -0.004852295,
        -0.045166016,
        -0.029174805,
        0.012207031,
        0.022949219,
        -0.008422852,
        0.069824219,
        0.007507324,
        0.068847656,
        -0.026611328,
        -0.000115871,
        0.011047363,
        0.059326172,
        0.018798828,
        0.046142578,
        -0.016967773,
        -0.053955078,
        -0.022460938,
        -0.044189453,
        -0.01940918,
        -0.002883911,
        0.000934601,
        -0.072265625,
        -0.010803223,
        -0.004364014,
        0.000106812,
        0.012817383,
        0.032226562,
        -0.010009766,
        -0.057861328,
        -0.013916016,
        0.021118164,
        0.002975464,
        0.000124931,
        0.017700195,
        0.021606445,
        0.030395508,
        -0.016845703,
        0.046630859,
        0.019042969,
        0.004821777,
        -0.02355957,
        0.014709473,
        -0.019165039,
        0.038330078,
        0.020019531,
        0.002243042,
        0.001571655,
        -0.034423828,
        -0.00239563,
        -0.010559082,
        0.043212891,
        -0.023803711,
        0.015869141,
        -0.044189453,
        -0.021484375,
        -0.000499725,
        -0.057128906,
        -0.018798828,
        0.023925781,
        -0.041015625,
        0.029418945,
        -0.023925781,
        0.01965332,
        -0.014831543,
        -0.027709961,
        -0.007415771,
        0.077148438,
        0.053955078,
        -0.00680542,
        0.008911133,
        0.006286621,
        -0.026977539,
        0.044433594,
        -0.048339844,
        0.005004883,
        -0.050292969,
        -0.022216797,
        -0.005981445,
        0.022705078,
        -0.019287109,
        0.012756348,
        -0.043701172,
        -0.002243042,
        0.001228333,
        -0.002059937,
        -0.050537109,
        -0.033935547,
        -0.026611328,
        0.034912109,
        0.024414062,
        -0.014953613,
        -0.083007812,
        -0.052978516,
        -0.000259399,
        -0.0234375,
        0.015991211,
        0.037109375,
        -0.02331543,
        0.003509521,
        -0.047851562,
        0.027709961,
        -0.022094727,
        0.006958008,
        0.007415771,
        -0.027709961,
        0.067871094,
        -0.036376953,
        0.044921875,
        -0.019287109,
        -0.017211914,
        -0.021728516,
        0.090820312,
        0.048583984,
        -0.023071289,
        -0.005218506,
        0.01171875,
        -0.022705078,
        -0.033691406,
        0.015869141,
        0.034423828,
        -0.006408691,
        -0.021728516,
        -0.029418945,
        0.026611328,
        -0.021728516,
        0.019287109,
        0.031982422,
        0.020263672,
        0.030029297,
        0.028564453,
        0.038818359,
        -0.044433594,
        -0.01385498,
        0.054443359,
        -0.027709961,
        0.011962891,
        0.014770508,
        0.016479492,
        -0.031738281,
        0.00604248,
        0.039794922,
        0.009216309,
        -0.00390625,
        -0.008605957,
        -0.002639771,
        -0.03125,
        -0.009399414,
        0.036621094,
        0.002456665,
        -0.000136375,
        0.00769043,
        -0.051513672,
        -0.045410156,
        0.051269531,
        0.037109375,
        0.002075195,
        0.004394531,
        -0.046142578,
        0.018798828,
        0.016357422,
        -0.00390625,
        0.004974365,
        -0.035400391,
        -0.017456055,
        -0.014709473,
        0.025756836,
        0.024414062,
        0.041748047,
        -0.031982422,
        0.01361084,
        -0.043212891,
        0.043701172,
        -0.061523438,
        -0.037597656,
        -0.047851562,
        -0.007507324,
        0.006500244,
        -0.006439209,
        -0.033203125,
        0.033935547,
        -0.003265381,
        -0.013305664,
        -0.019287109,
        0.010925293,
        -0.007507324,
        0.015197754,
        0.007293701,
        -0.01574707,
        -0.003570557,
        -0.002883911,
        -0.026611328,
        0.00982666,
        -0.058837891,
        0.050537109,
        0.000850677,
        -0.017456055,
        0.00402832,
        0.039794922,
        -0.010681152,
        0.030761719,
        0.029052734,
        -0.000598907,
        0.025756836,
        0.001686096,
        0.002700806,
        0.033935547,
        -0.019165039,
        -0.033691406,
        -0.001571655,
        -0.020019531,
        -0.018554688,
        -0.041748047,
        -0.03125,
        0.005371094,
        -0.005279541,
        0.017578125,
        0.028930664,
        0.00994873,
        -0.020507812,
        0.021850586,
        0.031738281,
        -0.034912109,
        0.00994873,
        0.003082275,
        0.012573242,
        0.006103516,
        -0.0234375,
        0.010437012,
        -0.041259766,
        -0.017822266,
        0.024414062,
        0.012573242,
        -0.047607422,
        -0.047851562,
        0.031494141,
        0.025756836,
        0.014709473,
        0.018554688,
        -0.030029297,
        0.029418945,
        -0.025756836,
        -0.005187988,
        -0.032958984,
        0.042236328,
        0.018798828,
        0.020629883,
        -0.046142578,
        -0.01361084,
        -0.033203125,
        -0.044433594,
        0.051269531,
        0.039794922,
        0.012512207,
        -0.046142578,
        0.008422852,
        0.042236328,
        0.016601562,
        -0.022216797,
        0.046142578,
        -0.000564575,
        0.020629883,
        -0.000221252,
        -0.012878418,
        0.050292969,
        0.043701172,
        0.018310547,
        -0.026611328,
        0.030395508,
        0.053222656,
        -0.025756836,
        0.046142578,
        -0.072753906,
        -0.026611328,
        -0.023925781,
        -0.025024414,
        0.022949219,
        -0.028930664,
        -0.037597656,
        -0.006103516,
        -0.011962891,
        0.054443359,
        -0.005279541,
        -0.003463745,
        -0.038818359,
        0.007598877,
        0.054931641,
        0.012878418,
        0.041748047,
        0.005371094,
        -0.030395508,
        -0.015197754,
        0.00491333,
        -0.048583984,
        -0.001953125,
        0.000201225,
        0.054443359,
        -0.024658203,
        -0.000182152,
        -0.008789062,
        -0.043212891,
        0.034912109,
        -0.026611328,
        -0.02746582,
        0.022216797,
        0.011230469,
        -0.017822266,
        -0.028930664,
        0.038085938,
        0.015991211,
        0.055419922,
        -0.011291504,
        -0.031738281,
        -0.001159668,
        -0.022583008,
        0.012084961,
        -0.043701172,
        0.023071289,
        0.050292969,
        0.008789062,
        0.025268555,
        -0.037109375,
        0.038574219,
        -0.003936768,
        0.006439209,
        0.024169922,
        0.028686523,
        -0.00769043,
        -0.006164551,
        0.034423828,
        0.041015625,
        0.036132812,
        -0.034423828,
        -0.008911133,
        -0.018554688,
        -0.028930664,
        0.011535645,
        -0.041748047,
        0.048339844,
        -0.057861328,
        -0.010559082,
        0.025146484,
        -0.031982422,
        0.000492096,
        -0.005340576,
        -0.061523438,
        0.020263672,
        -0.006256104,
        0.009399414,
        -0.047119141,
        0.026611328,
        0.028076172,
        -0.023925781,
        -0.01965332,
        -0.015197754,
        0.025634766,
        -0.030761719,
        0.004302979,
        -0.015991211,
        0.048828125,
        0.008605957,
        -0.051269531,
        -0.00692749,
        0.004150391,
        -0.02722168,
        -0.013305664,
        -0.035400391,
        -0.057128906,
        0.02746582,
        0.016845703,
        0.019897461,
        -0.019287109,
        -0.046142578,
        -0.040527344,
        0.009277344,
        -0.011535645,
        -0.035888672,
        0.008972168,
        -0.010375977,
        0.036865234,
        0.023071289,
        -0.016357422,
        0.007873535,
        -0.013244629,
        -0.03515625,
        -0.020751953,
        -0.026489258,
        -0.00390625,
        0.007080078,
        0.0703125,
        -0.0025177,
        -0.038818359,
        0.004974365,
        0.007293701,
        -0.011535645,
        -0.014465332,
        -0.036132812,
        0.045166016,
        0.049316406,
        -0.008972168,
        0.004455566,
        -0.009643555,
        -0.010681152,
        -0.024658203,
        0.01373291,
        0.053222656,
        -0.028686523,
        -0.037109375,
        -0.039794922,
        -0.029418945,
        0.001335144,
        -0.052001953,
        -0.028930664,
        0.016113281,
        -0.011535645,
        0.017211914,
        -0.021118164,
        0.008422852,
        0.010314941,
        -0.030395508,
        0.010681152,
        -0.011474609,
        -0.026611328,
        0.00113678,
        -0.021362305,
        -0.035644531,
        0.022460938,
        -0.018310547,
        0.011291504,
        0.001319885,
        0.002975464,
        0.014587402,
        0.005645752,
        -0.023925781,
        0.02746582,
        -0.056152344,
        -0.009094238,
        0.062988281,
        -0.001731873,
        0.012878418,
        -0.031738281,
        0.015380859,
        0.017456055,
        0.016601562,
        0.013305664,
        -0.034912109,
        -0.016845703,
        0.016845703,
        0.014282227,
        -0.026489258,
        -0.00163269,
        -0.032226562,
        0.033691406,
        -0.016601562,
        -0.040527344,
        -0.01171875,
        0.037597656,
        -0.003753662,
        -0.029174805,
        0.045166016,
        -0.039794922,
        0.000411987,
        -0.032226562,
        -0.00044632,
        0.005218506,
        -0.011535645,
        -0.067382812,
        0.035888672,
        -0.010131836,
        0.051025391,
        0.027832031,
        -0.028930664,
        0.047851562,
        0.018310547,
        -0.005157471,
        -0.06640625,
        0.028930664,
        -0.022949219,
        0.040039062,
        -0.000644684,
        0.017211914,
        0.007781982,
        0.050048828,
        -0.026611328,
        -0.061523438,
        0.00692749,
        -0.022460938,
        0.02722168,
        -0.007995605,
        0.017578125,
        -0.008422852,
        0.033935547,
        0.038330078,
        -0.046875,
        -0.020263672,
        -0.00958252,
        0.016601562,
        0.008911133,
        0.022216797,
        -0.025024414,
        -0.059814453,
        0.028564453,
        -0.009277344,
        -0.032714844,
        -0.019897461,
        0.015197754,
        -0.059814453,
        -0.039794922,
        0.007598877,
        0.001838684,
        -0.008850098,
        -0.015563965,
        0.015197754,
        -0.034423828,
        -0.038574219,
        -0.028564453,
        -0.007873535,
        -0.052978516,
        0.03125,
        -0.003799438,
        -0.012207031,
        0.044189453,
        -0.005859375,
        0.012817383,
        -0.037109375,
        -0.010864258,
        0.004425049,
        -0.031982422,
        -0.03125,
        -0.024414062,
        -0.038330078,
        -0.014709473,
        -0.015625,
        -0.052978516,
        0.002197266,
        -0.025146484,
        0.020263672,
        0.032226562,
        0.057128906,
        -0.010864258,
        -0.045898438,
        -0.017211914,
        0.082519531,
        -0.015625,
        -0.026123047,
        0.001739502,
        0.017456055,
        0.011352539,
        0.067382812,
        -0.03125,
        -0.048828125,
        -0.007171631,
        -0.010437012,
        0.015380859,
        0.0625,
        -0.032226562,
        0.042724609,
        0.007507324,
        -0.050048828,
        0.033203125,
        0.012756348,
        -0.015380859,
        -0.072265625,
        0.000537872,
        -0.007232666,
        -0.055419922,
        -0.007995605,
        0.030395508,
        0.032714844,
        -0.034423828,
        -0.020263672,
        0.001243591,
        0.005462646,
        0.057128906,
        -0.003738403,
        0.030029297,
        0.06640625,
        -0.022705078,
        0.008605957,
        0.024414062,
        -0.060058594,
        0.020629883,
        0.015991211,
        -0.008422852,
        -0.009033203,
        0.035888672,
        -0.044189453,
        0.037109375,
        0.000172615,
        0.017211914,
        -0.005187988,
        -0.005645752,
        0.015625,
        -0.007995605,
        -0.029907227,
        -0.047851562,
        0.021728516,
        0.002456665,
        0.014587402,
        -0.04296875,
        -0.002990723,
        -0.002716064,
        0.031982422,
        0.018554688,
        -0.003036499,
        -0.045410156,
        -0.050537109,
        -0.034423828,
        0.050048828,
        0.018432617,
        0.059082031,
        -0.017944336,
        0.005218506,
        -0.058105469,
        0.004364014,
        -0.028076172,
        -0.036132812,
        -0.03112793,
        -0.052734375,
        -0.010437012,
        0.000667572,
        0.001121521,
        0.059082031,
        -0.050048828,
        -0.076171875,
        0.023071289,
        -0.021362305,
        -0.022583008,
        0.058349609,
        -0.007995605,
        -0.021118164,
        -0.003463745,
        0.013244629,
        0.011962891,
        -0.053955078,
        -0.036376953,
        0.02722168,
        0.000013947,
        -0.035400391,
        -0.009216309,
        0.009216309,
        0.035888672,
        0.034423828,
        -0.038085938,
        -0.007080078,
        -0.02355957,
        0.010559082,
        -0.026489258,
        -0.002456665,
        -0.016479492,
        -0.020263672,
        0.035888672,
        0.0050354,
        -0.060791016,
        -0.017822266,
        -0.045166016,
        0.039306641,
        0.009399414,
        -0.023071289,
        0.018554688,
        -0.014465332,
        0.010925293,
        -0.025146484,
        0.034912109,
        -0.010559082,
        0.018310547,
        0.051025391,
        0.019287109,
        0.042724609,
        0.022216797,
        0.023925781,
        0.01965332,
        0.041259766,
        0.007873535,
        -0.014526367,
        -0.042724609,
        0.028930664,
        -0.010681152,
        -0.018188477,
        0.007049561,
        0.016113281,
        0.021362305,
        0.025146484,
        -0.083496094,
        -0.018188477,
        0.017456055,
        0.024658203,
        -0.011962891,
        -0.005981445,
        -0.016113281,
        -0.021362305,
        -0.032958984,
        -0.025146484,
        0.010314941,
        0.034912109,
        -0.00692749,
        -0.033203125,
        0.031982422,
        -0.016601562,
        0.030395508,
        -0.034423828,
        0.034912109,
        -0.030395508
      ],
      "index": 0
    }
  ],
  "model": "voyage-multimodal-3.5",
  "usage": {
      "text_tokens": 5,
      "image_pixels": 2000000,
      "video_pixels": 0,
      "total_tokens": 3576
  },
  "id":"0"
}{
  "object": "list",
  "data": [
    {
      "object": "embedding",
      "embedding": [
        -0.030883789,
        0.023803711,
        -0.014953613,
        0.052001953,
        0.029907227,
        0.018432617,
        0.015258789,
        -0.034179688,
        0.036865234,
        0.007141113,
        -0.006896973,
        0.030395508,
        -0.010192871,
        0.008178711,
        -0.005615234,
        0.012695312,
        -0.0234375,
        0.022338867,
        -0.039306641,
        -0.001907349,
        -0.026977539,
        0.026977539,
        0.00793457,
        0.026733398,
        -0.004150391,
        0.044921875,
        0.067382812,
        -0.031738281,
        -0.024169922,
        0.029052734,
        0.049316406,
        -0.046630859,
        -0.038818359,
        0.002105713,
        -0.014160156,
        -0.030395508,
        0.015197754,
        0.026855469,
        -0.026977539,
        -0.014282227,
        -0.043212891,
        -0.020996094,
        -0.018188477,
        0.0390625,
        0.013366699,
        0.010986328,
        -0.004211426,
        -0.044677734,
        0.039306641,
        -0.00592041,
        -0.014526367,
        0.043945312,
        -0.002975464,
        -0.010620117,
        -0.004425049,
        0.034912109,
        -0.008239746,
        -0.002075195,
        -0.049316406,
        0.01940918,
        0.028320312,
        0.022460938,
        -0.043945312,
        0.020629883,
        -0.006530762,
        0.004699707,
        0.003295898,
        -0.002075195,
        -0.00793457,
        -0.043945312,
        -0.034423828,
        -0.012084961,
        -0.04296875,
        -0.038574219,
        -0.010986328,
        -0.010986328,
        -0.035644531,
        0.00769043,
        -0.029785156,
        -0.0234375,
        -0.029907227,
        -0.004364014,
        0.026489258,
        -0.034179688,
        -0.003250122,
        0.024658203,
        -0.005310059,
        0.020629883,
        0.003189087,
        0.048339844,
        0.028198242,
        -0.005493164,
        0.026123047,
        0.030517578,
        0.055419922,
        0.01348877,
        -0.020996094,
        0.002227783,
        0.010742188,
        0.050292969,
        0.018798828,
        -0.053955078,
        0.006469727,
        -0.022827148,
        -0.026733398,
        -0.015258789,
        0.029052734,
        -0.065917969,
        -0.041992188,
        -0.047607422,
        0.051269531,
        0.009460449,
        -0.017456055,
        -0.020874023,
        -0.011962891,
        0.016113281,
        0.015869141,
        0.000946045,
        -0.018554688,
        -0.005981445,
        -0.051757812,
        -0.008178711,
        0.023193359,
        0.020263672,
        0.051757812,
        -0.031738281,
        0.024291992,
        -0.008605957,
        -0.019042969,
        -0.023681641,
        0.011901855,
        -0.003646851,
        -0.037597656,
        -0.020385742,
        0.000185013,
        0.080078125,
        0.021240234,
        0.004547119,
        -0.044921875,
        -0.018798828,
        0.01965332,
        0.004852295,
        -0.009094238,
        -0.0546875,
        0.029052734,
        -0.038574219,
        -0.01159668,
        0.068847656,
        -0.052734375,
        -0.075195312,
        -0.040039062,
        0.061523438,
        -0.041748047,
        -0.017700195,
        0.048339844,
        0.012695312,
        -0.021972656,
        -0.032226562,
        0.021240234,
        -0.029785156,
        -0.016845703,
        0.060058594,
        0.006469727,
        -0.016601562,
        0.046630859,
        -0.000192642,
        0.017456055,
        0.010925293,
        -0.063476562,
        -0.012573242,
        -0.022827148,
        0.017456055,
        0.017089844,
        -0.048583984,
        -0.007385254,
        0.006072998,
        -0.007629395,
        0.090332031,
        0.005157471,
        0.067382812,
        0.019042969,
        -0.044677734,
        0.029052734,
        -0.069824219,
        0.038574219,
        0.014282227,
        -0.020751953,
        0.038818359,
        -0.018432617,
        -0.023925781,
        -0.024291992,
        0.025634766,
        -0.059570312,
        -0.036376953,
        0.049316406,
        0.034423828,
        0.012817383,
        -0.007720947,
        -0.001861572,
        0.046386719,
        -0.017211914,
        0.036621094,
        0.017456055,
        0.020263672,
        -0.016845703,
        0.081054688,
        -0.015197754,
        0.041259766,
        0.00056839,
        0.021240234,
        0.051269531,
        0.007568359,
        0.057128906,
        -0.003723145,
        0.061035156,
        -0.004699707,
        0.013244629,
        -0.037841797,
        -0.006469727,
        -0.025878906,
        0.100585938,
        -0.018798828,
        -0.042480469,
        0.004425049,
        -0.0546875,
        -0.045898438,
        0.038574219,
        0.002746582,
        -0.010986328,
        0.038574219,
        0.049072266,
        -0.022094727,
        -0.035400391,
        -0.022949219,
        -0.013061523,
        -0.016601562,
        0.038574219,
        0.065429688,
        0.005157471,
        -0.061523438,
        -0.051025391,
        0.030029297,
        0.042480469,
        0.088378906,
        0.003585815,
        0.026977539,
        0.022460938,
        -0.00793457,
        0.024658203,
        0.020019531,
        0.037597656,
        0.002853394,
        -0.070800781,
        -0.029174805,
        -0.004852295,
        -0.049072266,
        -0.057861328,
        -0.050292969,
        0.010986328,
        -0.026977539,
        -0.007080078,
        0.025146484,
        0.043945312,
        -0.008300781,
        0.004302979,
        0.064453125,
        -0.058837891,
        -0.050048828,
        0.034912109,
        0.019897461,
        0.004699707,
        0.020874023,
        0.008056641,
        -0.038818359,
        0.005249023,
        -0.002975464,
        -0.005645752,
        0.00982666,
        -0.037597656,
        -0.013793945,
        0.034179688,
        -0.001945496,
        -0.051757812,
        0.052734375,
        0.052978516,
        -0.001655579,
        -0.019042969,
        0.013671875,
        0.004455566,
        -0.018798828,
        -0.005859375,
        -0.030273438,
        0.037109375,
        0.006469727,
        0.019042969,
        0.049316406,
        0.038818359,
        -0.052246094,
        -0.021972656,
        0.009460449,
        0.003082275,
        0.035400391,
        0.001899719,
        0.008056641,
        -0.009643555,
        -0.044677734,
        -0.035400391,
        -0.017089844,
        0.049560547,
        -0.016601562,
        -0.056396484,
        -0.021484375,
        -0.027832031,
        0.0234375,
        0.022460938,
        0.038574219,
        0.025024414,
        0.01385498,
        -0.028198242,
        0.055664062,
        -0.001678467,
        0.024658203,
        -0.021972656,
        -0.021484375,
        -0.000165939,
        0.012268066,
        -0.010986328,
        0.063476562,
        0.018798828,
        0.069824219,
        -0.031982422,
        0.017089844,
        0.003128052,
        0.061035156,
        0.015197754,
        0.060058594,
        -0.011474609,
        -0.029907227,
        0.019042969,
        -0.061523438,
        -0.016357422,
        0.007049561,
        0.017822266,
        -0.070800781,
        -0.008850098,
        0.000492096,
        -0.00994873,
        0.011169434,
        0.025024414,
        -0.020996094,
        -0.025512695,
        -0.044921875,
        0.008300781,
        0.012756348,
        0.001876831,
        0.014892578,
        0.037841797,
        0.01184082,
        -0.01574707,
        0.033691406,
        0.042480469,
        -0.004211426,
        -0.036865234,
        0.010498047,
        -0.006164551,
        0.052978516,
        0.016357422,
        -0.017089844,
        0.005157471,
        -0.016601562,
        -0.011230469,
        -0.009521484,
        0.041259766,
        -0.010925293,
        0.00378418,
        -0.060791016,
        -0.011657715,
        0.000358582,
        -0.058837891,
        0.008239746,
        -0.005523682,
        -0.045898438,
        0.041259766,
        -0.026977539,
        0.011901855,
        -0.028320312,
        -0.041503906,
        -0.018554688,
        0.057373047,
        0.053955078,
        -0.005371094,
        -0.005615234,
        0.025024414,
        -0.019287109,
        0.018310547,
        -0.036865234,
        -0.009643555,
        -0.058837891,
        -0.056640625,
        -0.014526367,
        0.033203125,
        -0.018798828,
        0.011169434,
        -0.01348877,
        0.012329102,
        0.010620117,
        -0.015991211,
        -0.060546875,
        -0.047607422,
        -0.027709961,
        0.011962891,
        0.026977539,
        -0.010620117,
        -0.086425781,
        -0.033691406,
        0.00982666,
        0.00668335,
        0.018310547,
        0.011230469,
        -0.036376953,
        0.002792358,
        -0.045654297,
        0.027832031,
        -0.004150391,
        0.026489258,
        0.021972656,
        -0.017211914,
        0.061767578,
        -0.056640625,
        0.025878906,
        -0.010742188,
        -0.038085938,
        0.000178337,
        0.068359375,
        0.046875,
        -0.034912109,
        0.008422852,
        -0.003463745,
        -0.007293701,
        -0.020874023,
        0.017089844,
        0.020751953,
        0.018920898,
        -0.022338867,
        -0.033691406,
        0.020874023,
        -0.037597656,
        0.013916016,
        0.055664062,
        0.02734375,
        0.037597656,
        0.009094238,
        0.041992188,
        -0.033691406,
        -0.020996094,
        0.043212891,
        -0.036621094,
        0.017211914,
        0.046630859,
        -0.011413574,
        -0.037841797,
        0.010131836,
        0.032714844,
        0.002044678,
        0.008300781,
        -0.019897461,
        -0.002105713,
        -0.00982666,
        0.010314941,
        0.034179688,
        0.00227356,
        0.011901855,
        0.01184082,
        -0.025878906,
        -0.035400391,
        0.036865234,
        0.025878906,
        0.032714844,
        -0.003723145,
        -0.05078125,
        0.00970459,
        0.031738281,
        0.018432617,
        0.00402832,
        -0.01965332,
        -0.007049561,
        -0.005218506,
        0.02331543,
        -0.001411438,
        0.041503906,
        -0.052978516,
        -0.004852295,
        -0.051025391,
        0.028930664,
        -0.039306641,
        -0.036376953,
        -0.044677734,
        -0.016601562,
        -0.017456055,
        -0.032226562,
        -0.02331543,
        0.028564453,
        0.006256104,
        -0.016601562,
        -0.026000977,
        0.035644531,
        -0.014892578,
        0.013916016,
        0.019042969,
        -0.014099121,
        -0.012390137,
        0.001899719,
        -0.024658203,
        0.008605957,
        -0.075195312,
        0.071777344,
        0.01953125,
        -0.028686523,
        -0.007446289,
        0.010498047,
        -0.005615234,
        0.026489258,
        -0.002822876,
        -0.030029297,
        0.017944336,
        0.018188477,
        -0.003967285,
        0.031738281,
        -0.016479492,
        -0.047851562,
        0.007446289,
        -0.015563965,
        -0.006622314,
        -0.052001953,
        -0.010742188,
        -0.010620117,
        -0.018798828,
        0.000907898,
        0.019287109,
        0.023193359,
        -0.008911133,
        -0.00680542,
        0.038574219,
        -0.012390137,
        -0.017700195,
        0.017456055,
        0.012573242,
        0.007385254,
        -0.021972656,
        -0.021606445,
        -0.040283203,
        -0.009399414,
        0.007171631,
        -0.011230469,
        -0.06640625,
        -0.037841797,
        0.035888672,
        0.033691406,
        0.006195068,
        0.001174927,
        -0.030761719,
        0.024658203,
        -0.020385742,
        0.013061523,
        -0.004364014,
        0.031982422,
        0.000377655,
        0.034912109,
        -0.056640625,
        -0.026000977,
        -0.031494141,
        -0.022583008,
        0.035888672,
        0.052246094,
        0.00793457,
        -0.03112793,
        0.015563965,
        0.031982422,
        -0.002288818,
        -0.030273438,
        0.055175781,
        -0.002151489,
        0.035644531,
        -0.024658203,
        -0.0234375,
        0.030029297,
        0.047607422,
        -0.003890991,
        -0.023803711,
        0.050048828,
        0.024658203,
        0.009155273,
        0.046875,
        -0.078613281,
        -0.022338867,
        -0.020874023,
        -0.016601562,
        0.018920898,
        -0.019287109,
        -0.045898438,
        -0.010314941,
        -0.004150391,
        0.057128906,
        -0.009277344,
        -0.011657715,
        -0.05078125,
        0.000272751,
        0.041748047,
        0.021240234,
        0.020874023,
        -0.028930664,
        -0.050048828,
        -0.00793457,
        -0.01953125,
        -0.021484375,
        -0.003341675,
        -0.012329102,
        0.052246094,
        -0.039306641,
        0.000267029,
        -0.030761719,
        -0.03112793,
        0.037597656,
        -0.059082031,
        -0.0390625,
        0.043701172,
        0.035400391,
        -0.022460938,
        -0.031494141,
        0.027587891,
        0.024169922,
        0.070800781,
        -0.016113281,
        -0.036376953,
        -0.014465332,
        -0.023803711,
        0.018188477,
        -0.025878906,
        0.035400391,
        0.037597656,
        0.009155273,
        0.036376953,
        -0.025024414,
        0.044677734,
        -0.013366699,
        0.033203125,
        0.033203125,
        0.041259766,
        -0.01953125,
        0.017089844,
        0.044921875,
        0.02331543,
        0.055664062,
        -0.03112793,
        -0.027709961,
        -0.014282227,
        -0.046386719,
        0.024658203,
        -0.055175781,
        0.03112793,
        -0.034179688,
        0.004119873,
        0.028686523,
        -0.043945312,
        0.022338867,
        -0.007598877,
        -0.042480469,
        0.036865234,
        -0.022460938,
        -0.006286621,
        -0.035644531,
        -0.004272461,
        0.023925781,
        -0.029785156,
        -0.030883789,
        -0.02722168,
        0.021240234,
        -0.025024414,
        0.012939453,
        -0.018310547,
        0.029418945,
        -0.006835938,
        -0.053710938,
        -0.000185013,
        0.003997803,
        -0.010437012,
        -0.025146484,
        -0.045166016,
        -0.056640625,
        0.017211914,
        0.016845703,
        0.015441895,
        -0.009277344,
        -0.059082031,
        -0.052001953,
        -0.007263184,
        -0.02331543,
        -0.032958984,
        0.013061523,
        -0.018432617,
        0.009460449,
        0.026733398,
        -0.022338867,
        0.024169922,
        0.021850586,
        -0.027832031,
        -0.022949219,
        -0.040039062,
        0.010620117,
        0.026733398,
        0.056640625,
        -0.001655579,
        -0.024536133,
        0.020629883,
        -0.003128052,
        -0.002487183,
        -0.0234375,
        -0.051757812,
        -0.003692627,
        0.059570312,
        -0.031738281,
        0.015197754,
        -0.035644531,
        -0.010803223,
        -0.00994873,
        -0.015136719,
        0.055664062,
        -0.015869141,
        -0.058349609,
        -0.043945312,
        -0.030883789,
        0.023193359,
        -0.052734375,
        -0.040039062,
        0.018798828,
        -0.008239746,
        0.037841797,
        -0.012695312,
        0.025878906,
        0.014526367,
        0.004608154,
        0.000835419,
        -0.011901855,
        -0.025878906,
        -0.024169922,
        -0.029418945,
        -0.026977539,
        0.003097534,
        0.010009766,
        -0.01385498,
        0.022583008,
        -0.010742188,
        -0.00213623,
        0.014770508,
        -0.031738281,
        0.022094727,
        -0.076171875,
        -0.028320312,
        0.042480469,
        -0.005584717,
        0.01171875,
        -0.030273438,
        0.027587891,
        0.013671875,
        -0.000938416,
        0.017700195,
        -0.0234375,
        0.000272751,
        0.034179688,
        -0.008239746,
        -0.025512695,
        0.033691406,
        -0.012329102,
        0.031982422,
        -0.011291504,
        -0.029418945,
        -0.000793457,
        0.052978516,
        -0.007080078,
        -0.038085938,
        0.025512695,
        -0.051269531,
        0.021606445,
        -0.040527344,
        0.023925781,
        -0.000984192,
        -0.002304077,
        -0.083496094,
        0.012084961,
        0.020629883,
        0.049316406,
        0.033691406,
        -0.031738281,
        0.010498047,
        -0.005401611,
        0.001075745,
        -0.034179688,
        0.024780273,
        -0.029541016,
        0.025878906,
        0.00302124,
        0.012145996,
        0.014526367,
        0.062255859,
        -0.035400391,
        -0.047851562,
        -0.001464844,
        0.005157471,
        0.020385742,
        0.010620117,
        0.006256104,
        0.018188477,
        0.029052734,
        0.032714844,
        -0.036376953,
        0.004364014,
        -0.01574707,
        0.006164551,
        0.013366699,
        0.007141113,
        -0.020019531,
        -0.080078125,
        0.051757812,
        -0.015380859,
        -0.012084961,
        -0.015869141,
        0.021850586,
        -0.052978516,
        -0.041748047,
        0.021972656,
        0.001068115,
        -0.004425049,
        0.002578735,
        0.008544922,
        -0.038574219,
        -0.037597656,
        -0.028930664,
        0.009399414,
        -0.055175781,
        0.035644531,
        0.007446289,
        -0.014160156,
        0.029418945,
        0.015197754,
        -0.010314941,
        -0.020629883,
        -0.022949219,
        -0.018188477,
        -0.02722168,
        -0.04296875,
        -0.012573242,
        -0.01348877,
        -0.001403809,
        -0.01159668,
        -0.018188477,
        0.000162125,
        -0.007995605,
        -0.003509521,
        0.009460449,
        0.068847656,
        0.010925293,
        -0.041259766,
        -0.017822266,
        0.068359375,
        0.000743866,
        -0.03112793,
        0.014953613,
        0.009521484,
        0.014099121,
        0.063476562,
        -0.041503906,
        -0.031982422,
        -0.014526367,
        -0.010498047,
        0.029785156,
        0.059082031,
        -0.021240234,
        0.037597656,
        0.018310547,
        -0.034179688,
        0.049072266,
        -0.007476807,
        -0.024780273,
        -0.032226562,
        0.026977539,
        -0.018432617,
        -0.059570312,
        -0.038818359,
        0.000713348,
        0.038085938,
        -0.025146484,
        -0.008178711,
        0.000717163,
        0.00289917,
        0.02331543,
        -0.026489258,
        0.044921875,
        0.063964844,
        -0.049560547,
        0.003646851,
        0.022094727,
        -0.068359375,
        0.018920898,
        0.015991211,
        -0.01953125,
        -0.007354736,
        0.017456055,
        -0.052734375,
        0.043701172,
        -0.002456665,
        0.009765625,
        -0.017089844,
        -0.006164551,
        0.014099121,
        -0.010375977,
        0.005157471,
        -0.071777344,
        0.01953125,
        -0.025878906,
        0.010986328,
        -0.015991211,
        -0.006347656,
        -0.008239746,
        0.032958984,
        0.023803711,
        0.005615234,
        -0.036621094,
        -0.087890625,
        -0.035644531,
        0.044189453,
        0.007476807,
        0.061035156,
        -0.029785156,
        -0.011230469,
        -0.042480469,
        -0.002075195,
        -0.028686523,
        -0.053955078,
        -0.026489258,
        -0.043945312,
        -0.008300781,
        0.001861572,
        -0.030517578,
        0.042480469,
        -0.031494141,
        -0.072753906,
        0.001403809,
        -0.040039062,
        -0.01953125,
        0.046386719,
        -0.022583008,
        -0.029907227,
        0.006591797,
        0.007080078,
        0.002243042,
        -0.049316406,
        -0.012512207,
        0.056396484,
        -0.000843048,
        -0.021606445,
        -0.022827148,
        0.006286621,
        0.022338867,
        0.014099121,
        -0.042480469,
        0.010986328,
        -0.037597656,
        -0.01940918,
        -0.020874023,
        -0.013244629,
        0.012573242,
        -0.032958984,
        0.027709961,
        0.009216309,
        -0.006744385,
        0.032226562,
        -0.017700195,
        0.056396484,
        -0.000217438,
        -0.057373047,
        0.028198242,
        -0.023803711,
        -0.019287109,
        -0.019042969,
        0.026977539,
        0.001373291,
        0.005981445,
        0.055175781,
        0.005523682,
        0.059814453,
        0.018798828,
        0.020629883,
        0.029541016,
        0.018798828,
        0.007995605,
        -0.023803711,
        -0.042480469,
        0.029174805,
        -0.020629883,
        -0.031494141,
        0.023803711,
        0.022338867,
        0.046875,
        0.020629883,
        -0.068359375,
        0.005096436,
        0.043945312,
        0.042480469,
        -0.014465332,
        -0.010620117,
        -0.037597656,
        -0.021972656,
        -0.035644531,
        -0.026367188,
        -0.010314941,
        0.032226562,
        -0.025878906,
        -0.043945312,
        0.036865234,
        -0.008178711,
        0.026489258,
        -0.041259766,
        0.034423828,
        -0.014465332
      ],
      "index": 0
    }
  ],
  "model": "voyage-multimodal-3.5",
  "usage": {
      "text_tokens": 6,
      "image_pixels": 2000000,
      "video_pixels": 0,
      "total_tokens": 3577
  },
  "id":"1"
}{
  "object": "list",
  "data": [
    {
      "object": "embedding",
      "embedding": [
        -0.03112793,
        0.046386719,
        -0.044921875,
        0.042236328,
        0.065917969,
        -0.001350403,
        0.040283203,
        -0.041748047,
        0.016113281,
        0.00340271,
        -0.004608154,
        0.045166016,
        -0.022216797,
        -0.004089355,
        -0.026733398,
        -0.00592041,
        -0.021972656,
        0.011901855,
        -0.056640625,
        -0.004943848,
        -0.037109375,
        0.010437012,
        0.039794922,
        0.00340271,
        -0.00994873,
        0.011413574,
        -0.000858307,
        -0.003601074,
        -0.010375977,
        -0.011291504,
        0.036621094,
        -0.032958984,
        -0.053466797,
        0.016479492,
        0.004302979,
        -0.011230469,
        0.021362305,
        0.024902344,
        0.020629883,
        0.000108719,
        -0.030761719,
        0.010925293,
        -0.004760742,
        0.055664062,
        -0.018432617,
        -0.002563477,
        -0.006958008,
        0.006011963,
        0.012268066,
        0.003479004,
        -0.028808594,
        -0.01574707,
        0.004180908,
        -0.004608154,
        -0.003112793,
        -0.021118164,
        -0.011230469,
        0.012756348,
        -0.001426697,
        -0.013061523,
        -0.012268066,
        0.059082031,
        -0.0390625,
        0.007720947,
        0.034179688,
        0.026123047,
        -0.009338379,
        -0.011047363,
        -0.014953613,
        -0.037109375,
        -0.007568359,
        -0.008056641,
        -0.036865234,
        -0.020507812,
        0.007781982,
        -0.030273438,
        0.020263672,
        0.032958984,
        -0.022094727,
        -0.034423828,
        -0.039794922,
        0.006256104,
        0.00302124,
        -0.014953613,
        0.012939453,
        0.034423828,
        -0.010681152,
        0.014831543,
        0.042236328,
        0.056640625,
        0.040527344,
        -0.032958984,
        0.044921875,
        0.003341675,
        0.055175781,
        -0.019775391,
        -0.006134033,
        0.028442383,
        0.078125,
        0.07421875,
        0.008239746,
        -0.006439209,
        0.018676758,
        -0.01574707,
        -0.046875,
        -0.057617188,
        0.013916016,
        -0.039550781,
        -0.015197754,
        -0.030761719,
        0.053466797,
        0.003997803,
        -0.03515625,
        -0.016845703,
        0.000511169,
        0.029907227,
        -0.030883789,
        0.041503906,
        0.008483887,
        -0.034423828,
        -0.006896973,
        0.020629883,
        -0.006134033,
        0.007995605,
        0.045654297,
        0.012695312,
        0.03112793,
        -0.000187874,
        -0.016113281,
        -0.005737305,
        -0.00340271,
        -0.014343262,
        0.009277344,
        0.002441406,
        -0.008972168,
        0.036621094,
        0.021972656,
        -0.015136719,
        -0.042724609,
        0.012756348,
        -0.023193359,
        0.027832031,
        0.037597656,
        -0.017211914,
        0.022583008,
        -0.02746582,
        0.011413574,
        0.06640625,
        -0.085449219,
        -0.051513672,
        -0.045898438,
        0.034423828,
        -0.038574219,
        0.016967773,
        0.022216797,
        -0.051757812,
        -0.022460938,
        -0.038574219,
        0.032958984,
        -0.007080078,
        -0.003036499,
        0.031982422,
        0.031494141,
        0.007293701,
        0.054443359,
        0.034423828,
        0.015991211,
        0.015563965,
        -0.041015625,
        -0.024169922,
        -0.020385742,
        0.018066406,
        0.002807617,
        -0.025878906,
        0.018188477,
        -0.03515625,
        -0.011047363,
        0.068847656,
        -0.024536133,
        0.09375,
        0.043701172,
        -0.03515625,
        -0.003494263,
        -0.050048828,
        0.060791016,
        -0.01574707,
        -0.010559082,
        0.052734375,
        -0.023681641,
        -0.038085938,
        0.008239746,
        0.001701355,
        -0.066894531,
        -0.080078125,
        0.046386719,
        0.030395508,
        -0.01184082,
        0.03515625,
        -0.018432617,
        0.004699707,
        -0.032226562,
        0.054443359,
        0.036376953,
        0.03112793,
        -0.007781982,
        0.040771484,
        -0.017333984,
        0.046875,
        0.005279541,
        0.042236328,
        0.040771484,
        -0.025024414,
        0.054199219,
        -0.013793945,
        0.033691406,
        -0.017089844,
        0.02331543,
        0.011413574,
        -0.033203125,
        -0.000415802,
        0.080566406,
        0.047607422,
        -0.022216797,
        0.020263672,
        -0.008056641,
        -0.019042969,
        0.006958008,
        -0.001739502,
        0.001823425,
        0.033691406,
        0.076171875,
        -0.023681641,
        -0.026733398,
        -0.028808594,
        -0.032714844,
        -0.02722168,
        0.03515625,
        0.112792969,
        -0.01159668,
        -0.033691406,
        -0.008422852,
        0.008911133,
        -0.024291992,
        0.031982422,
        0.022216797,
        -0.00680542,
        0.044921875,
        -0.017089844,
        0.007995605,
        0.027832031,
        0.055175781,
        0.000915527,
        -0.043945312,
        -0.000835419,
        -0.047607422,
        -0.052734375,
        -0.069335938,
        -0.058105469,
        0.009765625,
        -0.0234375,
        0.009521484,
        0.033447266,
        0.060546875,
        0.012023926,
        0.006164551,
        0.045166016,
        -0.056640625,
        -0.019287109,
        0.037109375,
        -0.011108398,
        -0.009277344,
        0.026733398,
        0.053466797,
        -0.040771484,
        0.02722168,
        0.007476807,
        -0.035644531,
        -0.03112793,
        -0.005279541,
        -0.006958008,
        0.057617188,
        0.028320312,
        -0.043701172,
        0.036376953,
        0.09375,
        0.030273438,
        -0.061523438,
        0.001701355,
        0.018554688,
        -0.031494141,
        -0.022094727,
        -0.000782013,
        0.004272461,
        0.008178711,
        0.008666992,
        0.060791016,
        0.032958984,
        -0.0234375,
        -0.01373291,
        -0.000362396,
        0.018432617,
        0.017578125,
        0.009216309,
        -0.033203125,
        -0.001739502,
        -0.047607422,
        -0.018310547,
        0.013916016,
        0.054443359,
        -0.024536133,
        -0.059082031,
        -0.004150391,
        -0.036132812,
        0.007110596,
        0.026733398,
        0.038085938,
        0.048095703,
        -0.026733398,
        -0.037109375,
        0.01184082,
        0.026611328,
        0.000808716,
        0.009216309,
        -0.040527344,
        -0.000011384,
        0.005187988,
        -0.042236328,
        0.062255859,
        -0.071289062,
        0.060546875,
        -0.045898438,
        0.025024414,
        0.018310547,
        0.043945312,
        0.029907227,
        0.062988281,
        0.020141602,
        -0.031982422,
        0.024047852,
        -0.05859375,
        -0.02722168,
        0.044921875,
        0.016113281,
        -0.040527344,
        -0.041748047,
        0.007202148,
        -0.023193359,
        -0.006134033,
        0.003341675,
        0.00082016,
        -0.039306641,
        -0.032958984,
        0.015441895,
        0.022827148,
        0.004760742,
        0.044921875,
        0.037353516,
        0.006286621,
        -0.055175781,
        0.013061523,
        0.057617188,
        -0.028808594,
        -0.014831543,
        -0.012939453,
        -0.034423828,
        0.044921875,
        0.0234375,
        -0.030883789,
        0.021118164,
        -0.040527344,
        -0.016357422,
        0.010009766,
        0.024169922,
        -0.008178711,
        -0.010803223,
        -0.044433594,
        -0.020751953,
        -0.016113281,
        -0.073242188,
        -0.010009766,
        0.01953125,
        -0.041259766,
        0.029663086,
        0.015441895,
        0.030761719,
        -0.009521484,
        0.010803223,
        -0.039550781,
        0.061767578,
        0.024291992,
        0.021850586,
        0.006958008,
        -0.009155273,
        -0.013916016,
        0.020141602,
        -0.020385742,
        -0.038574219,
        -0.047363281,
        -0.016601562,
        0.003036499,
        0.008361816,
        -0.036865234,
        0.037597656,
        -0.026245117,
        0.023803711,
        0.004669189,
        -0.007873535,
        0.00340271,
        -0.021362305,
        -0.038574219,
        -0.005554199,
        0.084472656,
        0.003265381,
        -0.085449219,
        -0.081542969,
        0.004577637,
        -0.014221191,
        0.00668335,
        -0.001571655,
        0.017578125,
        -0.028320312,
        -0.049804688,
        0.036376953,
        0.012512207,
        0.029541016,
        0.028808594,
        0.00982666,
        0.067382812,
        -0.034667969,
        -0.002639771,
        -0.001571655,
        -0.053466797,
        -0.018310547,
        0.040283203,
        0.062255859,
        -0.006988525,
        0.032226562,
        0.024536133,
        -0.058105469,
        -0.010314941,
        0.01965332,
        0.024902344,
        0.036376953,
        -0.046875,
        0.024169922,
        -0.033935547,
        -0.054931641,
        0.006530762,
        0.00769043,
        0.041015625,
        0.008422852,
        0.02331543,
        0.028686523,
        -0.011474609,
        -0.004638672,
        0.031982422,
        -0.018066406,
        0.027832031,
        0.005645752,
        0.02331543,
        -0.030273438,
        0.040527344,
        0.036865234,
        -0.007385254,
        -0.009521484,
        -0.013916016,
        0.004821777,
        -0.013549805,
        0.004180908,
        0.010437012,
        -0.00056076,
        0.041259766,
        0.019897461,
        -0.037353516,
        -0.031982422,
        0.020141602,
        0.044189453,
        0.014953613,
        0.027832031,
        -0.043945312,
        -0.005340576,
        0.028686523,
        0.02722168,
        0.00201416,
        -0.039306641,
        -0.000228882,
        -0.002319336,
        0.020874023,
        -0.028320312,
        0.010559082,
        -0.033935547,
        -0.030273438,
        -0.022827148,
        0.003585815,
        -0.047607422,
        -0.054199219,
        -0.026733398,
        -0.048339844,
        0.004760742,
        -0.015197754,
        -0.008605957,
        0.031494141,
        0.008178711,
        -0.002868652,
        -0.034179688,
        -0.020751953,
        -0.007873535,
        0.000208855,
        0.017578125,
        -0.049072266,
        -0.040283203,
        0.018310547,
        -0.008911133,
        -0.007720947,
        -0.039550781,
        0.036132812,
        0.003295898,
        -0.049072266,
        0.010070801,
        -0.008911133,
        0.009643555,
        0.017578125,
        0.020507812,
        -0.027832031,
        0.010314941,
        0.029052734,
        0.046630859,
        0.029907227,
        -0.031494141,
        -0.043701172,
        -0.012084961,
        -0.030883789,
        0.001403809,
        -0.043701172,
        -0.011230469,
        -0.039794922,
        0.007873535,
        -0.015563965,
        -0.003295898,
        0.029174805,
        -0.009155273,
        -0.040771484,
        -0.006988525,
        -0.052246094,
        0.013916016,
        0.053466797,
        0.02722168,
        0.028808594,
        -0.005401611,
        -0.002288818,
        -0.024047852,
        -0.013977051,
        0.029296875,
        0.009765625,
        -0.051025391,
        -0.019287109,
        0.041503906,
        0.048095703,
        -0.007598877,
        0.024902344,
        0.005432129,
        0.012695312,
        -0.005615234,
        0.01953125,
        -0.003005981,
        0.055664062,
        0.005615234,
        0.02746582,
        -0.03515625,
        0.009216309,
        -0.030395508,
        0.003662109,
        0.053466797,
        0.058105469,
        0.020263672,
        -0.046875,
        0.0234375,
        0.053466797,
        0.007080078,
        -0.016723633,
        0.033203125,
        0.009399414,
        0.009887695,
        -0.016967773,
        -0.030883789,
        0.014343262,
        0.008666992,
        0.017211914,
        -0.016845703,
        0.042724609,
        0.014404297,
        -0.024047852,
        -0.014648438,
        -0.053466797,
        0.01171875,
        0.012939453,
        0.010681152,
        -0.003341675,
        -0.024536133,
        -0.005706787,
        -0.043945312,
        0.003219604,
        0.040771484,
        0.0027771,
        -0.022094727,
        -0.059814453,
        0.017333984,
        0.025390625,
        0.013549805,
        0.026733398,
        -0.008911133,
        -0.036376953,
        -0.036621094,
        -0.007171631,
        -0.000392914,
        -0.004486084,
        -0.030883789,
        0.005340576,
        -0.032714844,
        0.008605957,
        0.018432617,
        -0.012756348,
        0.043701172,
        -0.007202148,
        -0.048095703,
        0.009216309,
        0.014526367,
        -0.0234375,
        -0.01953125,
        0.021728516,
        0.001831055,
        0.05859375,
        -0.032226562,
        -0.030273438,
        -0.006256104,
        -0.008666992,
        0.020751953,
        -0.0234375,
        0.003936768,
        0.049072266,
        -0.020019531,
        0.044921875,
        -0.030395508,
        0.068847656,
        -0.0234375,
        0.004608154,
        0.039794922,
        0.006134033,
        -0.052246094,
        0.069335938,
        0.031982422,
        0.035888672,
        0.028442383,
        -0.058349609,
        -0.00340271,
        -0.020141602,
        -0.051513672,
        -0.018432617,
        -0.0390625,
        0.018188477,
        -0.057617188,
        -0.029052734,
        0.002593994,
        -0.046875,
        0.014648438,
        0.01574707,
        -0.068847656,
        0.009033203,
        -0.006286621,
        -0.02722168,
        -0.014587402,
        -0.01373291,
        0.012268066,
        0.004943848,
        -0.013061523,
        -0.008056641,
        0.007324219,
        -0.020141602,
        0.019042969,
        -0.008361816,
        0.065917969,
        -0.016113281,
        -0.032714844,
        0.016967773,
        0.017578125,
        0.017578125,
        0.010192871,
        0.008056641,
        -0.045898438,
        0.020507812,
        -0.002929688,
        0.000450134,
        0.001739502,
        -0.059814453,
        -0.058105469,
        -0.016723633,
        0.020141602,
        -0.0234375,
        0.000743866,
        0.00491333,
        0.010681152,
        0.011047363,
        -0.015380859,
        0.008300781,
        0.031494141,
        -0.03515625,
        -0.042724609,
        -0.01171875,
        0.031494141,
        0.010192871,
        0.066894531,
        -0.01953125,
        0.009094238,
        -0.01953125,
        -0.02722168,
        0.015197754,
        -0.069335938,
        -0.051025391,
        -0.055664062,
        0.026123047,
        -0.029907227,
        0.015136719,
        -0.062255859,
        0.027099609,
        -0.016601562,
        -0.018066406,
        -0.005279541,
        -0.013916016,
        -0.067382812,
        -0.020874023,
        -0.057617188,
        -0.008789062,
        -0.045898438,
        -0.031494141,
        -0.0050354,
        0.005096436,
        0.023193359,
        -0.05078125,
        -0.007324219,
        -0.028320312,
        0.01373291,
        -0.01574707,
        0.014953613,
        -0.005096436,
        0.004089355,
        -0.035888672,
        0.00994873,
        -0.010559082,
        0.008483887,
        0.038085938,
        0.012512207,
        -0.004241943,
        -0.026611328,
        -0.01574707,
        0.003738403,
        0.001502991,
        -0.053222656,
        -0.012268066,
        0.031982422,
        -0.017822266,
        0.007202148,
        -0.041015625,
        -0.030883789,
        0.024536133,
        0.0234375,
        0.013916016,
        -0.045898438,
        0.021362305,
        0.0234375,
        -0.005859375,
        0.018066406,
        -0.005493164,
        -0.026733398,
        0.0234375,
        -0.007720947,
        -0.061523438,
        -0.004119873,
        0.011474609,
        -0.025390625,
        -0.059814453,
        0.028198242,
        -0.042724609,
        -0.018798828,
        -0.026611328,
        -0.014160156,
        0.014648438,
        -0.040039062,
        -0.063964844,
        0.014831543,
        0.024658203,
        0.006134033,
        0.024536133,
        -0.044921875,
        -0.00177002,
        -0.003067017,
        0.000999451,
        -0.042724609,
        0.012451172,
        -0.028808594,
        -0.004302979,
        0.006896973,
        0.029541016,
        0.017578125,
        0.078125,
        -0.029296875,
        -0.028808594,
        -0.002578735,
        -0.02331543,
        0.029296875,
        0.014648438,
        0.015991211,
        0.036865234,
        0.019042969,
        0.010559082,
        -0.037353516,
        0.005340576,
        -0.032958984,
        0.007995605,
        0.030395508,
        -0.046875,
        -0.008605957,
        -0.073730469,
        0.028320312,
        -0.004302979,
        -0.020629883,
        -0.02722168,
        0.010986328,
        -0.028808594,
        -0.013549805,
        0.009033203,
        0.020751953,
        -0.042724609,
        0.03515625,
        -0.007324219,
        -0.021362305,
        -0.041503906,
        -0.021118164,
        -0.009643555,
        -0.060791016,
        0.055664062,
        0.033935547,
        -0.041015625,
        0.068847656,
        -0.002960205,
        -0.055908203,
        0.010131836,
        -0.053466797,
        -0.042724609,
        -0.0390625,
        -0.034667969,
        -0.028198242,
        -0.027832031,
        0.013305664,
        0.020263672,
        -0.01348877,
        -0.001304626,
        -0.019042969,
        -0.014831543,
        0.050292969,
        0.012939453,
        0.022460938,
        -0.049316406,
        -0.003936768,
        0.049072266,
        0.020141602,
        -0.059326172,
        0.017578125,
        0.008972168,
        -0.013061523,
        0.018432617,
        -0.030883789,
        -0.000537872,
        0.002151489,
        -0.017333984,
        0.048583984,
        0.057617188,
        0.008178711,
        0.014343262,
        0.012145996,
        -0.015380859,
        0.008361816,
        -0.020874023,
        0.006134033,
        -0.011657715,
        0.031982422,
        -0.007873535,
        -0.053466797,
        -0.006896973,
        -0.001998901,
        0.076171875,
        -0.027832031,
        -0.016357422,
        0.008789062,
        0.025024414,
        0.029296875,
        -0.017822266,
        0.046875,
        0.049072266,
        -0.000358582,
        -0.006530762,
        0.031982422,
        -0.059082031,
        0.015136719,
        -0.027832031,
        -0.028808594,
        -0.045166016,
        0.024536133,
        -0.035888672,
        0.03112793,
        0.034667969,
        0.039306641,
        -0.036621094,
        0.007263184,
        -0.009277344,
        -0.024536133,
        0.007080078,
        -0.020874023,
        0.005218506,
        -0.005645752,
        -0.021118164,
        -0.021118164,
        -0.018188477,
        -0.047607422,
        0.046630859,
        0.006866455,
        0.011413574,
        -0.03515625,
        -0.042236328,
        -0.000682831,
        0.036865234,
        0.001037598,
        0.054199219,
        -0.032958984,
        -0.029907227,
        -0.036132812,
        0.043945312,
        -0.013061523,
        -0.037109375,
        -0.027832031,
        -0.052734375,
        0.012573242,
        0.003997803,
        -0.026245117,
        0.054199219,
        -0.0234375,
        -0.061767578,
        0.021118164,
        -0.029907227,
        0.007080078,
        0.040771484,
        -0.016113281,
        -0.019287109,
        -0.001144409,
        0.013793945,
        0.030761719,
        -0.011230469,
        0.001159668,
        0.042236328,
        -0.012268066,
        0.013183594,
        -0.025756836,
        0.036865234,
        0.016113281,
        0.009338379,
        -0.019775391,
        0.000873566,
        -0.042236328,
        -0.012268066,
        -0.002868652,
        -0.058105469,
        0.012451172,
        0.000530243,
        0.025512695,
        0.042236328,
        -0.017822266,
        0.006072998,
        -0.043945312,
        0.018432617,
        0.033203125,
        -0.054199219,
        -0.003540039,
        -0.025512695,
        0.010925293,
        0.001190186,
        0.030273438,
        -0.040771484,
        0.032226562,
        0.054443359,
        -0.018432617,
        0.044189453,
        0.022949219,
        0.004974365,
        0.037109375,
        0.018188477,
        0.021850586,
        -0.011901855,
        -0.039306641,
        0.022460938,
        -0.041503906,
        -0.017578125,
        0.018188477,
        0.055175781,
        0.046630859,
        -0.022949219,
        -0.045898438,
        0.020751953,
        0.022216797,
        0.068847656,
        -0.025024414,
        -0.008422852,
        -0.016479492,
        -0.034179688,
        -0.027954102,
        -0.003341675,
        -0.027099609,
        0.016357422,
        -0.024169922,
        0.036621094,
        0.014404297,
        -0.000667572,
        0.041503906,
        -0.007385254,
        0.031494141,
        -0.027832031
      ],
      "index": 0
    }
  ],
  "model": "voyage-multimodal-3.5",
  "usage": {
      "text_tokens": 6,
      "image_pixels": 50000,
      "video_pixels": 0,
      "total_tokens": 95
  },
  "id":"2"
}{
  "object": "list",
  "data": [
    {
      "object": "embedding",
      "embedding": [
        0.022949219,
        -0.004852295,
        -0.037353516,
        0.021972656,
        0.075683594,
        -0.024169922,
        -0.011474609,
        -0.008544922,
        0.030395508,
        -0.029418945,
        0.002990723,
        0.061767578,
        -0.005004883,
        0.029052734,
        -0.068847656,
        0.03112793,
        -0.017822266,
        -0.021850586,
        0.018554688,
        -0.041992188,
        0.006469727,
        0.005950928,
        -0.056396484,
        -0.017578125,
        0.020141602,
        0.006591797,
        -0.078613281,
        0.040039062,
        0.011169434,
        -0.00112915,
        0.000881195,
        0.032958984,
        0.020751953,
        0.000162125,
        -0.012390137,
        -0.006713867,
        -0.015991211,
        -0.002243042,
        0.064941406,
        0.008850098,
        -0.014099121,
        0.010253906,
        0.004974365,
        0.024291992,
        0.002319336,
        0.02331543,
        0.002075195,
        0.018798828,
        0.038574219,
        0.013244629,
        0.00378418,
        -0.001846313,
        -0.079589844,
        0.016235352,
        0.019165039,
        0.041015625,
        -0.035400391,
        -0.016601562,
        -0.021972656,
        -0.035644531,
        -0.021118164,
        0.020996094,
        -0.002868652,
        -0.021240234,
        -0.042724609,
        0.002227783,
        0.014038086,
        -0.0234375,
        0.017211914,
        0.034423828,
        -0.018920898,
        -0.008422852,
        0.007568359,
        0.036132812,
        -0.004364014,
        -0.01940918,
        0.025146484,
        0.03112793,
        -0.004058838,
        -0.025634766,
        -0.044921875,
        0.015197754,
        0.0625,
        0.008728027,
        -0.017700195,
        -0.076171875,
        -0.042480469,
        0.050292969,
        0.055175781,
        0.026977539,
        0.026489258,
        -0.021972656,
        -0.015441895,
        0.015136719,
        -0.008422852,
        -0.016235352,
        -0.039794922,
        -0.018920898,
        -0.010620117,
        -0.012145996,
        -0.01965332,
        0.010742188,
        0.021972656,
        -0.027587891,
        -0.085449219,
        -0.042724609,
        0.070800781,
        -0.021606445,
        0.024780273,
        -0.010192871,
        0.046386719,
        -0.010375977,
        -0.020385742,
        -0.026855469,
        0.038574219,
        0.00958252,
        -0.064941406,
        0.026123047,
        0.012512207,
        0.037353516,
        -0.017944336,
        -0.008605957,
        0.015136719,
        0.032470703,
        0.009094238,
        0.019897461,
        -0.004486084,
        -0.014465332,
        -0.007476807,
        0.014099121,
        -0.02331543,
        -0.041992188,
        -0.03112793,
        0.02331543,
        -0.019165039,
        0.083007812,
        -0.015869141,
        -0.046630859,
        -0.048339844,
        -0.028076172,
        -0.049316406,
        -0.014953613,
        -0.001823425,
        0.017211914,
        -0.024780273,
        0.000717163,
        0.028198242,
        0.010986328,
        -0.056640625,
        -0.01940918,
        -0.058105469,
        0.041015625,
        -0.024658203,
        -0.000946045,
        0.033691406,
        -0.029541016,
        0.014770508,
        -0.01965332,
        0.058349609,
        -0.057861328,
        0.034179688,
        0.033203125,
        0.043212891,
        -0.050292969,
        0.002593994,
        0.043701172,
        0.006744385,
        0.017578125,
        0.02734375,
        -0.001464844,
        -0.004852295,
        -0.041503906,
        0.067382812,
        -0.029541016,
        0.010803223,
        -0.004211426,
        0.026367188,
        0.065429688,
        0.008789062,
        -0.009460449,
        -0.03515625,
        0.003356934,
        -0.021606445,
        -0.023681641,
        -0.055175781,
        -0.0546875,
        -0.012817383,
        -0.047363281,
        -0.028198242,
        -0.007995605,
        0.035888672,
        -0.05078125,
        -0.010681152,
        -0.038818359,
        0.037353516,
        0.006378174,
        0.030273438,
        0.025390625,
        -0.02331543,
        0.052978516,
        -0.026489258,
        0.020019531,
        -0.000404358,
        0.091308594,
        -0.064453125,
        0.006896973,
        0.012756348,
        -0.057861328,
        -0.071777344,
        -0.010559082,
        0.009399414,
        -0.076171875,
        0.064453125,
        0.003860474,
        0.023925781,
        -0.009399414,
        0.028930664,
        0.000453949,
        0.001296997,
        0.028564453,
        0.042724609,
        0.067382812,
        -0.045898438,
        0.051025391,
        0.007232666,
        0.017822266,
        -0.008605957,
        0.00479126,
        0.009643555,
        0.072265625,
        0.014099121,
        -0.001487732,
        0.016601562,
        -0.039306641,
        -0.05078125,
        0.004638672,
        0.028930664,
        0.017700195,
        -0.023925781,
        -0.029541016,
        -0.013671875,
        0.04296875,
        0.021240234,
        -0.012695312,
        -0.013244629,
        0.047363281,
        -0.005950928,
        0.008300781,
        0.004852295,
        0.068847656,
        0.053710938,
        0.023681641,
        0.027587891,
        -0.045166016,
        -0.01940918,
        -0.047851562,
        -0.059082031,
        -0.042480469,
        0.014099121,
        -0.007995605,
        0.030395508,
        -0.00352478,
        -0.033203125,
        -0.037841797,
        -0.026855469,
        0.05078125,
        0.011901855,
        0.011657715,
        0.062988281,
        0.018188477,
        0.030395508,
        0.044921875,
        0.001022339,
        -0.034179688,
        0.052978516,
        -0.0625,
        -0.01940918,
        -0.052246094,
        -0.020751953,
        -0.023925781,
        0.022338867,
        0.028564453,
        -0.072265625,
        0.011962891,
        0.014770508,
        0.007232666,
        -0.007019043,
        -0.003356934,
        0.008544922,
        0.010986328,
        0.004730225,
        0.027709961,
        -0.036621094,
        -0.009338379,
        0.0078125,
        -0.008239746,
        0.063476562,
        -0.081054688,
        0.025512695,
        0.027587891,
        0.033691406,
        0.017211914,
        0.015258789,
        0.045654297,
        0.008422852,
        -0.078613281,
        0.006286621,
        -0.03125,
        -0.021118164,
        -0.011230469,
        0.016357422,
        0.009155273,
        0.014160156,
        0.033691406,
        0.056396484,
        -0.014770508,
        0.029174805,
        0.022338867,
        0.005462646,
        0.027832031,
        -0.039794922,
        0.033691406,
        -0.032470703,
        -0.014587402,
        0.053710938,
        -0.006378174,
        -0.019165039,
        -0.008178711,
        -0.043945312,
        -0.025634766,
        -0.016845703,
        -0.000037432,
        0.008544922,
        0.04296875,
        -0.019897461,
        0.033203125,
        -0.013366699,
        -0.011047363,
        -0.044189453,
        -0.040527344,
        -0.006408691,
        0.041992188,
        -0.014770508,
        -0.0050354,
        -0.010925293,
        -0.042724609,
        0.025512695,
        -0.002914429,
        0.056152344,
        -0.067382812,
        -0.057861328,
        -0.017944336,
        0.034912109,
        0.010986328,
        0.012756348,
        0.027709961,
        -0.042724609,
        0.005645752,
        0.034912109,
        0.023925781,
        0.032226562,
        -0.005523682,
        -0.042724609,
        0.013427734,
        -0.036132812,
        -0.011962891,
        0.022460938,
        -0.000432968,
        0.033691406,
        -0.046630859,
        -0.003265381,
        -0.003143311,
        0.032958984,
        0.000606537,
        0.023681641,
        0.032714844,
        -0.025634766,
        0.026977539,
        -0.016235352,
        0.028076172,
        -0.010925293,
        0.015563965,
        0.026123047,
        0.018920898,
        0.00239563,
        0.040039062,
        -0.000356674,
        -0.035644531,
        0.039794922,
        0.006164551,
        0.021606445,
        -0.023193359,
        -0.00793457,
        0.029907227,
        0.001968384,
        0.021118164,
        -0.036132812,
        -0.008239746,
        0.060791016,
        -0.033691406,
        -0.003417969,
        -0.014587402,
        -0.014160156,
        -0.020141602,
        0.053466797,
        -0.007995605,
        -0.0078125,
        0.014770508,
        -0.032714844,
        -0.025512695,
        0.028198242,
        -0.024658203,
        0.000991821,
        -0.020751953,
        -0.010925293,
        0.029541016,
        -0.065429688,
        0.018188477,
        -0.049316406,
        0.001457214,
        0.043701172,
        0.005187988,
        0.012084961,
        -0.010986328,
        0.005340576,
        0.051025391,
        -0.031494141,
        0.077636719,
        -0.003692627,
        0.041503906,
        0.030395508,
        -0.012817383,
        -0.030273438,
        0.048583984,
        0.037841797,
        -0.020996094,
        0.02734375,
        -0.042724609,
        -0.077148438,
        -0.012756348,
        0.008239746,
        -0.009277344,
        -0.026977539,
        -0.033691406,
        -0.011657715,
        0.019042969,
        0.001167297,
        0.036621094,
        0.025634766,
        0.024291992,
        -0.011413574,
        -0.016845703,
        0.043701172,
        -0.046630859,
        -0.040527344,
        -0.000934601,
        -0.031494141,
        -0.018676758,
        0.010559082,
        -0.000411987,
        -0.01171875,
        0.02722168,
        0.014038086,
        -0.025634766,
        0.045898438,
        -0.020263672,
        0.027709961,
        -0.009277344,
        -0.056396484,
        -0.000110149,
        0.025878906,
        -0.014770508,
        -0.014160156,
        -0.017211914,
        -0.011657715,
        0.014160156,
        0.076660156,
        -0.005493164,
        -0.008422852,
        0.00793457,
        -0.027587891,
        0.017089844,
        0.010498047,
        0.024780273,
        -0.022583008,
        -0.017456055,
        0.016357422,
        0.011962891,
        -0.012390137,
        0.023193359,
        -0.001930237,
        -0.034423828,
        0.025512695,
        -0.0546875,
        -0.022094727,
        -0.025512695,
        0.003082275,
        -0.013366699,
        -0.030273438,
        0.008300781,
        -0.000747681,
        -0.010070801,
        0.043945312,
        -0.012390137,
        0.027587891,
        -0.019287109,
        0.00094986,
        -0.043212891,
        0.014099121,
        -0.037353516,
        0.032714844,
        -0.017700195,
        -0.037597656,
        -0.006622314,
        0.01574707,
        -0.018676758,
        0.026367188,
        -0.020507812,
        0.005004883,
        0.042724609,
        0.003616333,
        0.018676758,
        -0.000919342,
        0.011169434,
        0.017089844,
        0.001953125,
        -0.034423828,
        0.038330078,
        -0.011901855,
        -0.00970459,
        0.004699707,
        -0.052246094,
        0.01965332,
        0.014099121,
        -0.032714844,
        -0.052978516,
        -0.003967285,
        0.00352478,
        0.004302979,
        0.024780273,
        0.018310547,
        -0.010803223,
        0.021850586,
        0.01965332,
        0.049560547,
        0.018676758,
        -0.016357422,
        0.003463745,
        0.028198242,
        0.011962891,
        -0.028198242,
        -0.056396484,
        0.081054688,
        0.009033203,
        -0.005340576,
        -0.016845703,
        0.031738281,
        0.044921875,
        -0.056640625,
        0.031738281,
        0.003814697,
        0.00125885,
        0.000121593,
        -0.002593994,
        0.042480469,
        -0.022827148,
        -0.015869141,
        0.021362305,
        -0.047363281,
        0.057861328,
        -0.058837891,
        -0.036132812,
        0.035644531,
        -0.009643555,
        0.030273438,
        -0.002502441,
        0.037353516,
        -0.076171875,
        -0.011657715,
        -0.012390137,
        -0.014526367,
        0.040771484,
        0.027587891,
        -0.025634766,
        -0.023925781,
        -0.038818359,
        0.013671875,
        0.001335144,
        0.00793457,
        0.069824219,
        0.055664062,
        -0.02331543,
        -0.010986328,
        -0.008422852,
        -0.007141113,
        0.037841797,
        0.019897461,
        0.012573242,
        0.028930664,
        -0.014953613,
        -0.00592041,
        0.022094727,
        -0.001213074,
        -0.046630859,
        -0.035888672,
        -0.017578125,
        0.003097534,
        0.019897461,
        0.062255859,
        0.005065918,
        0.053955078,
        0.003479004,
        0.010986328,
        -0.010986328,
        0.017822266,
        0.007598877,
        -0.029052734,
        0.071777344,
        0.000946045,
        -0.000614166,
        0.037597656,
        -0.010742188,
        0.007781982,
        -0.03112793,
        -0.028930664,
        0.072265625,
        0.0050354,
        0.038818359,
        -0.020141602,
        0.039794922,
        -0.03515625,
        -0.010192871,
        0.034179688,
        -0.072753906,
        -0.044677734,
        0.022949219,
        -0.012329102,
        0.037109375,
        0.036132812,
        0.017700195,
        -0.020385742,
        -0.038330078,
        -0.006134033,
        0.0625,
        -0.048583984,
        0.033447266,
        -0.020141602,
        0.034423828,
        -0.010070801,
        0.076660156,
        -0.013427734,
        0.071289062,
        -0.036132812,
        -0.039794922,
        -0.001846313,
        -0.02331543,
        -0.004150391,
        -0.014587402,
        0.009155273,
        0.033691406,
        -0.009338379,
        0.006195068,
        0.006378174,
        0.037841797,
        0.040283203,
        0.031738281,
        -0.064453125,
        0.011474609,
        -0.019287109,
        0.042480469,
        -0.0234375,
        0.063476562,
        -0.026000977,
        -0.006622314,
        0.036621094,
        -0.014953613,
        0.002792358,
        -0.016113281,
        0.03125,
        -0.052246094,
        0.041503906,
        -0.018676758,
        0.049560547,
        0.046630859,
        0.041992188,
        0.000261307,
        -0.027709961,
        -0.033447266,
        0.01965332,
        0.01385498,
        0.041992188,
        -0.011291504,
        -0.014282227,
        -0.0234375,
        0.02734375,
        -0.060791016,
        -0.00604248,
        0.002822876,
        0.026367188,
        0.01940918,
        -0.010498047,
        0.051025391,
        0.005584717,
        -0.006896973,
        0.006164551,
        0.018066406,
        -0.040283203,
        0.005645752,
        -0.013000488,
        -0.031738281,
        -0.010620117,
        -0.010925293,
        -0.007385254,
        0.018676758,
        -0.006835938,
        -0.016601562,
        -0.030273438,
        -0.032958984,
        0.014099121,
        0.043212891,
        -0.029052734,
        0.026977539,
        -0.029907227,
        0.020141602,
        -0.023193359,
        -0.001586914,
        -0.000291824,
        -0.006408691,
        0.016113281,
        0.002456665,
        -0.03112793,
        -0.010925293,
        0.010803223,
        0.005981445,
        -0.051025391,
        -0.012145996,
        0.017456055,
        -0.000621796,
        -0.041503906,
        0.023925781,
        -0.005584717,
        0.031738281,
        -0.080566406,
        -0.012817383,
        0.008911133,
        -0.036376953,
        -0.009338379,
        -0.019165039,
        0.017211914,
        -0.002731323,
        0.021484375,
        -0.010375977,
        0.037597656,
        -0.047851562,
        -0.004821777,
        0.046630859,
        0.003799438,
        0.029174805,
        0.044921875,
        0.006134033,
        -0.013061523,
        -0.019165039,
        -0.030395508,
        0.025634766,
        -0.0025177,
        0.00982666,
        0.043701172,
        0.068847656,
        0.00402832,
        0.006408691,
        0.001411438,
        0.013244629,
        -0.031738281,
        0.014953613,
        0.00592041,
        0.023925781,
        0.025634766,
        -0.018310547,
        -0.039306641,
        0.043701172,
        -0.025024414,
        0.041503906,
        -0.031738281,
        0.007385254,
        0.002761841,
        -0.007171631,
        0.008056641,
        -0.00390625,
        -0.020141602,
        -0.000701904,
        0.008544922,
        0.043701172,
        -0.050048828,
        -0.025390625,
        -0.022338867,
        -0.004852295,
        -0.031494141,
        -0.008728027,
        0.010070801,
        -0.009521484,
        -0.004577637,
        0.001213074,
        0.033691406,
        0.014038086,
        -0.056640625,
        0.023925781,
        -0.009460449,
        -0.000134468,
        0.018188477,
        0.015563965,
        -0.045166016,
        -0.006469727,
        0.038574219,
        0.029541016,
        0.014770508,
        -0.007720947,
        0.03515625,
        -0.033691406,
        0.001869202,
        0.004669189,
        -0.018310547,
        -0.035644531,
        0.02734375,
        0.004730225,
        -0.040039062,
        -0.016357422,
        0.044677734,
        -0.037841797,
        -0.074707031,
        -0.0025177,
        -0.027709961,
        0.019042969,
        0.040527344,
        -0.010925293,
        -0.03112793,
        0.047851562,
        -0.077636719,
        -0.010192871,
        0.01574707,
        0.02331543,
        -0.022583008,
        0.013427734,
        0.014587402,
        0.015991211,
        0.037109375,
        0.035644531,
        0.042236328,
        -0.006500244,
        -0.056396484,
        -0.026123047,
        -0.015136719,
        0.001594543,
        0.004364014,
        -0.002731323,
        -0.021850586,
        0.006896973,
        0.003189087,
        0.007354736,
        0.12109375,
        -0.00138092,
        -0.037597656,
        0.007263184,
        0.059082031,
        0.036132812,
        0.024536133,
        0.042480469,
        0.011474609,
        0.025634766,
        0.011901855,
        0.010986328,
        0.000452042,
        0.039306641,
        0.011230469,
        0.005493164,
        0.023681641,
        0.010009766,
        0.006896973,
        -0.022827148,
        -0.011962891,
        -0.011657715,
        0.034423828,
        0.006591797,
        0.038574219,
        -0.043945312,
        0.054443359,
        -0.006500244,
        0.017822266,
        0.006835938,
        -0.029907227,
        0.051025391,
        -0.005249023,
        0.011657715,
        -0.022949219,
        0.026855469,
        -0.021118164,
        0.064453125,
        -0.007263184,
        0.047851562,
        0.02331543,
        0.005004883,
        -0.046630859,
        -0.030395508,
        0.057861328,
        0.001899719,
        -0.02331543,
        -0.043945312,
        -0.000341415,
        -0.031494141,
        0.02331543,
        -0.015869141,
        -0.029541016,
        0.033203125,
        0.026977539,
        0.002853394,
        0.000923157,
        0.021240234,
        0.020751953,
        -0.010925293,
        0.010986328,
        -0.036132812,
        0.008422852,
        -0.018188477,
        -0.028564453,
        -0.035644531,
        0.063476562,
        -0.023925781,
        -0.004150391,
        0.014526367,
        -0.056396484,
        0.056640625,
        -0.065917969,
        0.031738281,
        -0.025146484,
        -0.073242188,
        0.075683594,
        0.006500244,
        -0.062255859,
        0.042236328,
        -0.003311157,
        -0.035644531,
        -0.0625,
        0.016601562,
        -0.014343262,
        0.058105469,
        0.016479492,
        -0.030395508,
        -0.001548767,
        0.019042969,
        -0.043945312,
        0.014465332,
        -0.024291992,
        -0.035644531,
        -0.014038086,
        0.006713867,
        0.002075195,
        -0.032714844,
        0.038330078,
        -0.011474609,
        0.014099121,
        -0.039306641,
        0.038818359,
        0.042724609,
        -0.003585815,
        0.061035156,
        -0.013671875,
        -0.026000977,
        0.032226562,
        -0.000183105,
        -0.049316406,
        -0.024169922,
        0.042724609,
        0.03515625,
        -0.005615234,
        0.04296875,
        0.023193359,
        -0.010925293,
        -0.00994873,
        0.019897461,
        0.013244629,
        -0.013366699,
        -0.026855469,
        0.016723633,
        0.044921875,
        0.014465332,
        0.057861328,
        -0.037109375,
        0.006591797,
        0.01940918,
        -0.039306641,
        0.022583008,
        -0.00340271,
        -0.003860474,
        0.031982422,
        0.037353516,
        -0.004516602,
        0.024658203,
        0.030273438,
        0.053466797,
        -0.033447266,
        0.003189087,
        0.043212891,
        0.022338867,
        -0.00994873,
        -0.017578125,
        -0.008178711,
        -0.055175781,
        0.002914429,
        0.019897461,
        -0.001373291,
        -0.009643555,
        0.033447266,
        0.022583008,
        -0.035644531,
        -0.024658203,
        -0.042236328,
        0.00958252,
        -0.000385284,
        0.006530762,
        0.011901855,
        -0.01361084,
        0.028198242,
        0.022338867,
        -0.005981445,
        -0.02734375
      ],
      "index": 0
    }
  ],
  "model": "voyage-multimodal-3.5",
  "usage": {
      "text_tokens": 6,
      "image_pixels": 0,
      "video_pixels": 14745600,
      "total_tokens": 13171
  },
  "id":"3"
}
